app/build/intermediates/manifest_merge_blame_file/debug/processDebugMainManifest/manifest-merger-blame-debug-report.txt
1<?xml version="1.0" encoding="utf-8"?>
2<manifest xmlns:android="http://schemas.android.com/apk/res/android"
3    package="com.bookloop.app"
4    android:versionCode="1"
5    android:versionName="1.0" >
6
7    <uses-sdk
7-->INJECTED
8        android:minSdkVersion="24"
8-->INJECTED
9        android:targetSdkVersion="34" />
9-->INJECTED
10
11    <uses-permission android:name="android.permission.INTERNET" />
11-->src\main\AndroidManifest.xml:4:5-67
11-->src\main\AndroidManifest.xml:4:22-64
12    <uses-permission
12-->src\main\AndroidManifest.xml:5:5-6:38
13        android:name="android.permission.READ_EXTERNAL_STORAGE"
13-->src\main\AndroidManifest.xml:5:22-77
14        android:maxSdkVersion="32" />
14-->src\main\AndroidManifest.xml:6:9-35
15    <uses-permission android:name="android.permission.READ_MEDIA_IMAGES" />
15-->src\main\AndroidManifest.xml:7:5-76
15-->src\main\AndroidManifest.xml:7:22-73
16    <uses-permission android:name="android.permission.CAMERA" />
16-->src\main\AndroidManifest.xml:8:5-65
16-->src\main\AndroidManifest.xml:8:22-62
17    <uses-permission android:name="android.permission.CALL_PHONE" />
17-->src\main\AndroidManifest.xml:9:5-68
17-->src\main\AndroidManifest.xml:9:22-66
18    <uses-permission android:name="android.permission.ACCESS_NETWORK_STATE" />
18-->[com.google.firebase:firebase-auth:22.3.0] AndroidManifest.xml:26:5-79
18-->[com.google.firebase:firebase-auth:22.3.0] AndroidManifest.xml:26:22-76
19
20    <permission
20-->[androidx.core:core:1.9.0] AndroidManifest.xml:22:5-24:47
21        android:name="com.bookloop.app.DYNAMIC_RECEIVER_NOT_EXPORTED_PERMISSION"
21-->[androidx.core:core:1.9.0] AndroidManifest.xml:23:9-81
22        android:protectionLevel="signature" />
22-->[androidx.core:core:1.9.0] AndroidManifest.xml:24:9-44
23
24    <uses-permission android:name="com.bookloop.app.DYNAMIC_RECEIVER_NOT_EXPORTED_PERMISSION" />
24-->[androidx.core:core:1.9.0] AndroidManifest.xml:26:5-97
24-->[androidx.core:core:1.9.0] AndroidManifest.xml:26:22-94
25
26    <application
26-->src\main\AndroidManifest.xml:11:5-57:19
27        android:allowBackup="true"
27-->src\main\AndroidManifest.xml:12:9-35
28        android:appComponentFactory="androidx.core.app.CoreComponentFactory"
28-->[androidx.core:core:1.9.0] AndroidManifest.xml:28:18-86
29        android:debuggable="true"
30        android:extractNativeLibs="false"
30-->INJECTED
31        android:icon="@mipmap/ic_launcher"
31-->src\main\AndroidManifest.xml:13:9-43
32        android:label="@string/app_name"
32-->src\main\AndroidManifest.xml:14:9-41
33        android:roundIcon="@mipmap/ic_launcher_round"
33-->src\main\AndroidManifest.xml:15:9-54
34        android:supportsRtl="true"
34-->src\main\AndroidManifest.xml:16:9-35
35        android:testOnly="true"
36        android:theme="@style/Theme.BookLoop"
36-->src\main\AndroidManifest.xml:17:9-46
37        android:usesCleartextTraffic="true" >
37-->src\main\AndroidManifest.xml:18:9-44
38        <activity
38-->src\main\AndroidManifest.xml:20:9-28:20
39            android:name="com.bookloop.app.activities.SplashActivity"
39-->src\main\AndroidManifest.xml:21:13-54
40            android:exported="true"
40-->src\main\AndroidManifest.xml:22:13-36
41            android:theme="@style/Theme.BookLoop.Splash" >
41-->src\main\AndroidManifest.xml:23:13-57
42            <intent-filter>
42-->src\main\AndroidManifest.xml:24:13-27:29
43                <action android:name="android.intent.action.MAIN" />
43-->src\main\AndroidManifest.xml:25:17-69
43-->src\main\AndroidManifest.xml:25:25-66
44
45                <category android:name="android.intent.category.LAUNCHER" />
45-->src\main\AndroidManifest.xml:26:17-77
45-->src\main\AndroidManifest.xml:26:27-74
46            </intent-filter>
47        </activity>
48        <activity
48-->src\main\AndroidManifest.xml:30:9-33:58
49            android:name="com.bookloop.app.activities.LoginActivity"
49-->src\main\AndroidManifest.xml:31:13-53
50            android:exported="false"
50-->src\main\AndroidManifest.xml:32:13-37
51            android:windowSoftInputMode="adjustResize" />
51-->src\main\AndroidManifest.xml:33:13-55
52        <activity
52-->src\main\AndroidManifest.xml:35:9-38:58
53            android:name="com.bookloop.app.activities.RegisterActivity"
53-->src\main\AndroidManifest.xml:36:13-56
54            android:exported="false"
54-->src\main\AndroidManifest.xml:37:13-37
55            android:windowSoftInputMode="adjustResize" />
55-->src\main\AndroidManifest.xml:38:13-55
56        <activity
56-->src\main\AndroidManifest.xml:40:9-42:40
57            android:name="com.bookloop.app.activities.MainActivity"
57-->src\main\AndroidManifest.xml:41:13-52
58            android:exported="false" />
58-->src\main\AndroidManifest.xml:42:13-37
59        <activity
59-->src\main\AndroidManifest.xml:44:9-47:58
60            android:name="com.bookloop.app.activities.AddListingActivity"
60-->src\main\AndroidManifest.xml:45:13-58
61            android:exported="false"
61-->src\main\AndroidManifest.xml:46:13-37
62            android:windowSoftInputMode="adjustResize" />
62-->src\main\AndroidManifest.xml:47:13-55
63        <activity
63-->src\main\AndroidManifest.xml:49:9-51:40
64            android:name="com.bookloop.app.activities.ListingDetailActivity"
64-->src\main\AndroidManifest.xml:50:13-61
65            android:exported="false" />
65-->src\main\AndroidManifest.xml:51:13-37
66        <activity
66-->src\main\AndroidManifest.xml:53:9-55:40
67            android:name="com.bookloop.app.activities.ProfileActivity"
67-->src\main\AndroidManifest.xml:54:13-55
68            android:exported="false" />
68-->src\main\AndroidManifest.xml:55:13-37
69        <activity
69-->[com.google.firebase:firebase-auth:22.3.0] AndroidManifest.xml:29:9-46:20
70            android:name="com.google.firebase.auth.internal.GenericIdpActivity"
70-->[com.google.firebase:firebase-auth:22.3.0] AndroidManifest.xml:30:13-80
71            android:excludeFromRecents="true"
71-->[com.google.firebase:firebase-auth:22.3.0] AndroidManifest.xml:31:13-46
72            android:exported="true"
72-->[com.google.firebase:firebase-auth:22.3.0] AndroidManifest.xml:32:13-36
73            android:launchMode="singleTask"
73-->[com.google.firebase:firebase-auth:22.3.0] AndroidManifest.xml:33:13-44
74            android:theme="@android:style/Theme.Translucent.NoTitleBar" >
74-->[com.google.firebase:firebase-auth:22.3.0] AndroidManifest.xml:34:13-72
75            <intent-filter>
75-->[com.google.firebase:firebase-auth:22.3.0] AndroidManifest.xml:35:13-45:29
76                <action android:name="android.intent.action.VIEW" />
76-->[com.google.firebase:firebase-auth:22.3.0] AndroidManifest.xml:36:17-69
76-->[com.google.firebase:firebase-auth:22.3.0] AndroidManifest.xml:36:25-66
77
78                <category android:name="android.intent.category.DEFAULT" />
78-->[com.google.firebase:firebase-auth:22.3.0] AndroidManifest.xml:38:17-76
78-->[com.google.firebase:firebase-auth:22.3.0] AndroidManifest.xml:38:27-73
79                <category android:name="android.intent.category.BROWSABLE" />
79-->[com.google.firebase:firebase-auth:22.3.0] AndroidManifest.xml:39:17-78
79-->[com.google.firebase:firebase-auth:22.3.0] AndroidManifest.xml:39:27-75
80
81                <data
81-->[com.google.firebase:firebase-auth:22.3.0] AndroidManifest.xml:41:17-44:51
82                    android:host="firebase.auth"
82-->[com.google.firebase:firebase-auth:22.3.0] AndroidManifest.xml:42:21-49
83                    android:path="/"
83-->[com.google.firebase:firebase-auth:22.3.0] AndroidManifest.xml:43:21-37
84                    android:scheme="genericidp" />
84-->[com.google.firebase:firebase-auth:22.3.0] AndroidManifest.xml:44:21-48
85            </intent-filter>
86        </activity>
87        <activity
87-->[com.google.firebase:firebase-auth:22.3.0] AndroidManifest.xml:47:9-64:20
88            android:name="com.google.firebase.auth.internal.RecaptchaActivity"
88-->[com.google.firebase:firebase-auth:22.3.0] AndroidManifest.xml:48:13-79
89            android:excludeFromRecents="true"
89-->[com.google.firebase:firebase-auth:22.3.0] AndroidManifest.xml:49:13-46
90            android:exported="true"
90-->[com.google.firebase:firebase-auth:22.3.0] AndroidManifest.xml:50:13-36
91            android:launchMode="singleTask"
91-->[com.google.firebase:firebase-auth:22.3.0] AndroidManifest.xml:51:13-44
92            android:theme="@android:style/Theme.Translucent.NoTitleBar" >
92-->[com.google.firebase:firebase-auth:22.3.0] AndroidManifest.xml:52:13-72
93            <intent-filter>
93-->[com.google.firebase:firebase-auth:22.3.0] AndroidManifest.xml:53:13-63:29
94                <action android:name="android.intent.action.VIEW" />
94-->[com.google.firebase:firebase-auth:22.3.0] AndroidManifest.xml:36:17-69
94-->[com.google.firebase:firebase-auth:22.3.0] AndroidManifest.xml:36:25-66
95
96                <category android:name="android.intent.category.DEFAULT" />
96-->[com.google.firebase:firebase-auth:22.3.0] AndroidManifest.xml:38:17-76
96-->[com.google.firebase:firebase-auth:22.3.0] AndroidManifest.xml:38:27-73
97                <category android:name="android.intent.category.BROWSABLE" />
97-->[com.google.firebase:firebase-auth:22.3.0] AndroidManifest.xml:39:17-78
97-->[com.google.firebase:firebase-auth:22.3.0] AndroidManifest.xml:39:27-75
98
99                <data
99-->[com.google.firebase:firebase-auth:22.3.0] AndroidManifest.xml:41:17-44:51
100                    android:host="firebase.auth"
100-->[com.google.firebase:firebase-auth:22.3.0] AndroidManifest.xml:42:21-49
101                    android:path="/"
101-->[com.google.firebase:firebase-auth:22.3.0] AndroidManifest.xml:43:21-37
102                    android:scheme="recaptcha" />
102-->[com.google.firebase:firebase-auth:22.3.0] AndroidManifest.xml:44:21-48
103            </intent-filter>
104        </activity>
105
106        <service
106-->[com.google.firebase:firebase-auth:22.3.0] AndroidManifest.xml:66:9-72:19
107            android:name="com.google.firebase.components.ComponentDiscoveryService"
107-->[com.google.firebase:firebase-auth:22.3.0] AndroidManifest.xml:67:13-84
108            android:directBootAware="true"
108-->[com.google.firebase:firebase-common:20.4.2] AndroidManifest.xml:32:13-43
109            android:exported="false" >
109-->[com.google.firebase:firebase-auth:22.3.0] AndroidManifest.xml:68:13-37
110            <meta-data
110-->[com.google.firebase:firebase-auth:22.3.0] AndroidManifest.xml:69:13-71:85
111                android:name="com.google.firebase.components:com.google.firebase.auth.FirebaseAuthRegistrar"
111-->[com.google.firebase:firebase-auth:22.3.0] AndroidManifest.xml:70:17-109
112                android:value="com.google.firebase.components.ComponentRegistrar" />
112-->[com.google.firebase:firebase-auth:22.3.0] AndroidManifest.xml:71:17-82
113            <meta-data
113-->[com.google.firebase:firebase-firestore:24.10.0] AndroidManifest.xml:17:13-19:85
114                android:name="com.google.firebase.components:com.google.firebase.firestore.FirebaseFirestoreKtxRegistrar"
114-->[com.google.firebase:firebase-firestore:24.10.0] AndroidManifest.xml:18:17-122
115                android:value="com.google.firebase.components.ComponentRegistrar" />
115-->[com.google.firebase:firebase-firestore:24.10.0] AndroidManifest.xml:19:17-82
116            <meta-data
116-->[com.google.firebase:firebase-firestore:24.10.0] AndroidManifest.xml:20:13-22:85
117                android:name="com.google.firebase.components:com.google.firebase.firestore.FirestoreRegistrar"
117-->[com.google.firebase:firebase-firestore:24.10.0] AndroidManifest.xml:21:17-111
118                android:value="com.google.firebase.components.ComponentRegistrar" />
118-->[com.google.firebase:firebase-firestore:24.10.0] AndroidManifest.xml:22:17-82
119            <meta-data
119-->[com.google.firebase:firebase-storage:20.3.0] AndroidManifest.xml:30:13-32:85
120                android:name="com.google.firebase.components:com.google.firebase.storage.FirebaseStorageKtxRegistrar"
120-->[com.google.firebase:firebase-storage:20.3.0] AndroidManifest.xml:31:17-118
121                android:value="com.google.firebase.components.ComponentRegistrar" />
121-->[com.google.firebase:firebase-storage:20.3.0] AndroidManifest.xml:32:17-82
122            <meta-data
122-->[com.google.firebase:firebase-storage:20.3.0] AndroidManifest.xml:33:13-35:85
123                android:name="com.google.firebase.components:com.google.firebase.storage.StorageRegistrar"
123-->[com.google.firebase:firebase-storage:20.3.0] AndroidManifest.xml:34:17-107
124                android:value="com.google.firebase.components.ComponentRegistrar" />
124-->[com.google.firebase:firebase-storage:20.3.0] AndroidManifest.xml:35:17-82
125            <meta-data
125-->[com.google.firebase:firebase-appcheck:17.1.1] AndroidManifest.xml:25:13-27:85
126                android:name="com.google.firebase.components:com.google.firebase.appcheck.FirebaseAppCheckKtxRegistrar"
126-->[com.google.firebase:firebase-appcheck:17.1.1] AndroidManifest.xml:26:17-120
127                android:value="com.google.firebase.components.ComponentRegistrar" />
127-->[com.google.firebase:firebase-appcheck:17.1.1] AndroidManifest.xml:27:17-82
128            <meta-data
128-->[com.google.firebase:firebase-appcheck:17.1.1] AndroidManifest.xml:28:13-30:85
129                android:name="com.google.firebase.components:com.google.firebase.appcheck.FirebaseAppCheckRegistrar"
129-->[com.google.firebase:firebase-appcheck:17.1.1] AndroidManifest.xml:29:17-117
130                android:value="com.google.firebase.components.ComponentRegistrar" />
130-->[com.google.firebase:firebase-appcheck:17.1.1] AndroidManifest.xml:30:17-82
131            <meta-data
131-->[com.google.firebase:firebase-common-ktx:20.4.2] AndroidManifest.xml:12:13-14:85
132                android:name="com.google.firebase.components:com.google.firebase.ktx.FirebaseCommonLegacyRegistrar"
132-->[com.google.firebase:firebase-common-ktx:20.4.2] AndroidManifest.xml:13:17-116
133                android:value="com.google.firebase.components.ComponentRegistrar" />
133-->[com.google.firebase:firebase-common-ktx:20.4.2] AndroidManifest.xml:14:17-82
134            <meta-data
134-->[com.google.firebase:firebase-common:20.4.2] AndroidManifest.xml:35:13-37:85
135                android:name="com.google.firebase.components:com.google.firebase.FirebaseCommonKtxRegistrar"
135-->[com.google.firebase:firebase-common:20.4.2] AndroidManifest.xml:36:17-109
136                android:value="com.google.firebase.components.ComponentRegistrar" />
136-->[com.google.firebase:firebase-common:20.4.2] AndroidManifest.xml:37:17-82
137        </service>
138
139        <provider
139-->[androidx.emoji2:emoji2:1.2.0] AndroidManifest.xml:24:9-32:20
140            android:name="androidx.startup.InitializationProvider"
140-->[androidx.emoji2:emoji2:1.2.0] AndroidManifest.xml:25:13-67
141            android:authorities="com.bookloop.app.androidx-startup"
141-->[androidx.emoji2:emoji2:1.2.0] AndroidManifest.xml:26:13-68
142            android:exported="false" >
142-->[androidx.emoji2:emoji2:1.2.0] AndroidManifest.xml:27:13-37
143            <meta-data
143-->[androidx.emoji2:emoji2:1.2.0] AndroidManifest.xml:29:13-31:52
144                android:name="androidx.emoji2.text.EmojiCompatInitializer"
144-->[androidx.emoji2:emoji2:1.2.0] AndroidManifest.xml:30:17-75
145                android:value="androidx.startup" />
145-->[androidx.emoji2:emoji2:1.2.0] AndroidManifest.xml:31:17-49
146            <meta-data
146-->[androidx.lifecycle:lifecycle-process:2.6.1] AndroidManifest.xml:29:13-31:52
147                android:name="androidx.lifecycle.ProcessLifecycleInitializer"
147-->[androidx.lifecycle:lifecycle-process:2.6.1] AndroidManifest.xml:30:17-78
148                android:value="androidx.startup" />
148-->[androidx.lifecycle:lifecycle-process:2.6.1] AndroidManifest.xml:31:17-49
149            <meta-data
149-->[androidx.profileinstaller:profileinstaller:1.3.0] AndroidManifest.xml:29:13-31:52
150                android:name="androidx.profileinstaller.ProfileInstallerInitializer"
150-->[androidx.profileinstaller:profileinstaller:1.3.0] AndroidManifest.xml:30:17-85
151                android:value="androidx.startup" />
151-->[androidx.profileinstaller:profileinstaller:1.3.0] AndroidManifest.xml:31:17-49
152        </provider>
153        <provider
153-->[com.google.firebase:firebase-common:20.4.2] AndroidManifest.xml:23:9-28:39
154            android:name="com.google.firebase.provider.FirebaseInitProvider"
154-->[com.google.firebase:firebase-common:20.4.2] AndroidManifest.xml:24:13-77
155            android:authorities="com.bookloop.app.firebaseinitprovider"
155-->[com.google.firebase:firebase-common:20.4.2] AndroidManifest.xml:25:13-72
156            android:directBootAware="true"
156-->[com.google.firebase:firebase-common:20.4.2] AndroidManifest.xml:26:13-43
157            android:exported="false"
157-->[com.google.firebase:firebase-common:20.4.2] AndroidManifest.xml:27:13-37
158            android:initOrder="100" />
158-->[com.google.firebase:firebase-common:20.4.2] AndroidManifest.xml:28:13-36
159
160        <activity
160-->[com.google.android.gms:play-services-base:18.0.1] AndroidManifest.xml:20:9-22:45
161            android:name="com.google.android.gms.common.api.GoogleApiActivity"
161-->[com.google.android.gms:play-services-base:18.0.1] AndroidManifest.xml:20:19-85
162            android:exported="false"
162-->[com.google.android.gms:play-services-base:18.0.1] AndroidManifest.xml:22:19-43
163            android:theme="@android:style/Theme.Translucent.NoTitleBar" />
163-->[com.google.android.gms:play-services-base:18.0.1] AndroidManifest.xml:21:19-78
164
165        <meta-data
165-->[com.google.android.gms:play-services-basement:18.1.0] AndroidManifest.xml:21:9-23:69
166            android:name="com.google.android.gms.version"
166-->[com.google.android.gms:play-services-basement:18.1.0] AndroidManifest.xml:22:13-58
167            android:value="@integer/google_play_services_version" />
167-->[com.google.android.gms:play-services-basement:18.1.0] AndroidManifest.xml:23:13-66
168
169        <receiver
169-->[androidx.profileinstaller:profileinstaller:1.3.0] AndroidManifest.xml:34:9-52:20
170            android:name="androidx.profileinstaller.ProfileInstallReceiver"
170-->[androidx.profileinstaller:profileinstaller:1.3.0] AndroidManifest.xml:35:13-76
171            android:directBootAware="false"
171-->[androidx.profileinstaller:profileinstaller:1.3.0] AndroidManifest.xml:36:13-44
172            android:enabled="true"
172-->[androidx.profileinstaller:profileinstaller:1.3.0] AndroidManifest.xml:37:13-35
173            android:exported="true"
173-->[androidx.profileinstaller:profileinstaller:1.3.0] AndroidManifest.xml:38:13-36
174            android:permission="android.permission.DUMP" >
174-->[androidx.profileinstaller:profileinstaller:1.3.0] AndroidManifest.xml:39:13-57
175            <intent-filter>
175-->[androidx.profileinstaller:profileinstaller:1.3.0] AndroidManifest.xml:40:13-42:29
176                <action android:name="androidx.profileinstaller.action.INSTALL_PROFILE" />
176-->[androidx.profileinstaller:profileinstaller:1.3.0] AndroidManifest.xml:41:17-91
176-->[androidx.profileinstaller:profileinstaller:1.3.0] AndroidManifest.xml:41:25-88
177            </intent-filter>
178            <intent-filter>
178-->[androidx.profileinstaller:profileinstaller:1.3.0] AndroidManifest.xml:43:13-45:29
179                <action android:name="androidx.profileinstaller.action.SKIP_FILE" />
179-->[androidx.profileinstaller:profileinstaller:1.3.0] AndroidManifest.xml:44:17-85
179-->[androidx.profileinstaller:profileinstaller:1.3.0] AndroidManifest.xml:44:25-82
180            </intent-filter>
181            <intent-filter>
181-->[androidx.profileinstaller:profileinstaller:1.3.0] AndroidManifest.xml:46:13-48:29
182                <action android:name="androidx.profileinstaller.action.SAVE_PROFILE" />
182-->[androidx.profileinstaller:profileinstaller:1.3.0] AndroidManifest.xml:47:17-88
182-->[androidx.profileinstaller:profileinstaller:1.3.0] AndroidManifest.xml:47:25-85
183            </intent-filter>
184            <intent-filter>
184-->[androidx.profileinstaller:profileinstaller:1.3.0] AndroidManifest.xml:49:13-51:29
185                <action android:name="androidx.profileinstaller.action.BENCHMARK_OPERATION" />
185-->[androidx.profileinstaller:profileinstaller:1.3.0] AndroidManifest.xml:50:17-95
185-->[androidx.profileinstaller:profileinstaller:1.3.0] AndroidManifest.xml:50:25-92
186            </intent-filter>
187        </receiver>
188    </application>
189
190</manifest>